<?xml version="1.0" encoding="UTF-8"?>
<testsuite xmlns:xsi="http://www.w3.org/2001/XMLSchema-instance" xsi:noNamespaceSchemaLocation="https://maven.apache.org/surefire/maven-surefire-plugin/xsd/surefire-test-report.xsd" version="3.0.2" name="com.innovatech.eureka_server.EurekaServerApplicationTests" time="89.453" tests="1" errors="0" skipped="0" failures="0" flakes="0">
  <properties>
[...]
</properties>
  <testcase name="contextLoads" classname="com.innovatech.eureka_server.EurekaServerApplicationTests" time="9.073">
    <system-out><![CDATA[13:45:04.367 [main] INFO org.springframework.test.context.support.AnnotationConfigContextLoaderUtils -- Could not detect default configuration classes for test class [com.innovatech.eureka_server.EurekaServerApplicationTests]: EurekaServerApplicationTests does not declare any static, non-private, non-final, nested classes annotated with @Configuration.
13:45:06.436 [main] INFO org.springframework.boot.test.context.SpringBootTestContextBootstrapper -- Found @SpringBootConfiguration com.innovatech.eureka_server.EurekaServerApplication for test class com.innovatech.eureka_server.EurekaServerApplicationTests

  .   ____          _            __ _ _
 /\\ / ___'_ __ _ _(_)_ __  __ _ \ \ \ \
( ( )\___ | '_ | '_| | '_ \/ _` | \ \ \ \
 \\/  ___)| |_)| | | | | || (_| |  ) ) ) )
  '  |____| .__|_| |_|_| |_\__, | / / / /
 =========|_|==============|___/=/_/_/_/

 :: Spring Boot ::               (v3.5.15)

2026-06-20T13:45:20.232-04:00  INFO 47712 --- [eureka-server] [           main] c.i.e.EurekaServerApplicationTests       : Starting EurekaServerApplicationTests using Java 24.0.2 with PID 47712 (started by Gonzalo in C:\Users\Gonzalo\Documents\innovatech-proyect\eureka-server)
2026-06-20T13:45:20.258-04:00  INFO 47712 --- [eureka-server] [           main] c.i.e.EurekaServerApplicationTests       : No active profile set, falling back to 1 default profile: "default"
2026-06-20T13:45:40.022-04:00  INFO 47712 --- [eureka-server] [           main] o.s.cloud.context.scope.GenericScope     : BeanFactory id=96baabd9-5748-38dc-8872-62cb52cc7647
2026-06-20T13:45:46.507-04:00  INFO 47712 --- [eureka-server] [           main] o.s.v.b.OptionalValidatorFactoryBean     : Failed to set up a Bean Validation provider: jakarta.validation.NoProviderFoundException: Unable to create a Configuration, because no Jakarta Bean Validation provider could be found. Add a provider like Hibernate Validator (RI) to your classpath.
2026-06-20T13:46:01.242-04:00  WARN 47712 --- [eureka-server] [           main] iguration$LoadBalancerCaffeineWarnLogger : Spring Cloud LoadBalancer is currently working with the default cache. While this cache implementation is useful for development and tests, it's recommended to use Caffeine cache in production.You can switch to using Caffeine cache, by adding it and org.springframework.cache.caffeine.CaffeineCacheManager to the classpath.
2026-06-20T13:46:09.473-04:00  INFO 47712 --- [eureka-server] [           main] o.s.c.n.eureka.InstanceInfoFactory       : Setting initial instance status as: STARTING
2026-06-20T13:46:10.840-04:00  INFO 47712 --- [eureka-server] [           main] com.netflix.discovery.DiscoveryClient    : Initializing Eureka in region us-east-1
2026-06-20T13:46:10.848-04:00  INFO 47712 --- [eureka-server] [           main] com.netflix.discovery.DiscoveryClient    : Client configured to neither register nor query for data.
2026-06-20T13:46:10.865-04:00  INFO 47712 --- [eureka-server] [           main] com.netflix.discovery.DiscoveryClient    : Discovery Client initialized at timestamp 1781977570854 with initial instances count: 0
2026-06-20T13:46:13.516-04:00  INFO 47712 --- [eureka-server] [           main] c.n.eureka.DefaultEurekaServerContext    : Initializing ...
2026-06-20T13:46:13.905-04:00  INFO 47712 --- [eureka-server] [           main] c.n.eureka.cluster.PeerEurekaNodes       : Adding new peer nodes [http://localhost:8761/eureka/]
2026-06-20T13:46:16.957-04:00  INFO 47712 --- [eureka-server] [           main] c.n.d.provider.DiscoveryJerseyProvider   : Using JSON encoding codec LegacyJacksonJson
2026-06-20T13:46:16.959-04:00  INFO 47712 --- [eureka-server] [           main] c.n.d.provider.DiscoveryJerseyProvider   : Using JSON decoding codec LegacyJacksonJson
2026-06-20T13:46:16.960-04:00  INFO 47712 --- [eureka-server] [           main] c.n.d.provider.DiscoveryJerseyProvider   : Using XML encoding codec XStreamXml
2026-06-20T13:46:16.961-04:00  INFO 47712 --- [eureka-server] [           main] c.n.d.provider.DiscoveryJerseyProvider   : Using XML decoding codec XStreamXml
2026-06-20T13:46:17.492-04:00  INFO 47712 --- [eureka-server] [           main] c.n.eureka.cluster.PeerEurekaNodes       : Replica node URL:  http://localhost:8761/eureka/
2026-06-20T13:46:17.719-04:00  INFO 47712 --- [eureka-server] [           main] c.n.e.registry.AbstractInstanceRegistry  : Finished initializing remote region registries. All known remote regions: []
2026-06-20T13:46:17.720-04:00  INFO 47712 --- [eureka-server] [           main] c.n.eureka.DefaultEurekaServerContext    : Initialized
2026-06-20T13:46:19.856-04:00  INFO 47712 --- [eureka-server] [           main] o.s.b.a.e.web.EndpointLinksResolver      : Exposing 2 endpoints beneath base path '/actuator'
2026-06-20T13:46:20.974-04:00  INFO 47712 --- [eureka-server] [           main] o.s.c.n.e.s.EurekaServiceRegistry        : Registering application EUREKA-SERVER with eureka with status UP
2026-06-20T13:46:21.133-04:00  INFO 47712 --- [eureka-server] [      Thread-10] o.s.c.n.e.server.EurekaServerBootstrap   : isAws returned false
2026-06-20T13:46:21.136-04:00  INFO 47712 --- [eureka-server] [      Thread-10] o.s.c.n.e.server.EurekaServerBootstrap   : Initialized server context
2026-06-20T13:46:21.139-04:00  INFO 47712 --- [eureka-server] [      Thread-10] c.n.e.r.PeerAwareInstanceRegistryImpl    : Got 1 instances from neighboring DS node
2026-06-20T13:46:21.140-04:00  INFO 47712 --- [eureka-server] [      Thread-10] c.n.e.r.PeerAwareInstanceRegistryImpl    : Renew threshold is: 1
2026-06-20T13:46:21.141-04:00  INFO 47712 --- [eureka-server] [      Thread-10] c.n.e.r.PeerAwareInstanceRegistryImpl    : Changing status to UP
2026-06-20T13:46:21.151-04:00  INFO 47712 --- [eureka-server] [           main] c.i.e.EurekaServerApplicationTests       : Started EurekaServerApplicationTests in 67.544 seconds (process running for 90.267)
2026-06-20T13:46:21.172-04:00  INFO 47712 --- [eureka-server] [      Thread-10] e.s.EurekaServerInitializerConfiguration : Started Eureka Server
]]></system-out>
    <system-err><![CDATA[Mockito is currently self-attaching to enable the inline-mock-maker. This will no longer work in future releases of the JDK. Please add Mockito as an agent to your build as described in Mockito's documentation: https://javadoc.io/doc/org.mockito/mockito-core/latest/org.mockito/org/mockito/Mockito.html#0.3
WARNING: A Java agent has been loaded dynamically (C:\Users\Gonzalo\.m2\repository\net\bytebuddy\byte-buddy-agent\1.17.8\byte-buddy-agent-1.17.8.jar)
WARNING: If a serviceability tool is in use, please run with -XX:+EnableDynamicAgentLoading to hide this warning
WARNING: If a serviceability tool is not in use, please run with -Djdk.instrument.traceUsage for more information
WARNING: Dynamic loading of agents will be disallowed by default in a future release
]]></system-err>
  </testcase>
</testsuite>