<?xml version="1.0" encoding="UTF-8"?>
<testsuite xmlns:xsi="http://www.w3.org/2001/XMLSchema-instance" xsi:noNamespaceSchemaLocation="https://maven.apache.org/surefire/maven-surefire-plugin/xsd/surefire-test-report.xsd" version="3.0.2" name="com.innovatech.ms_tareas.controller.TareaControllerIntegrationTest" time="18.75" tests="4" errors="0" skipped="0" failures="0" flakes="0">
  <properties>
[...]
</properties>
  <testcase name="crearTarea_debeResponder400CuandoDescripcionEstaVacia" classname="com.innovatech.ms_tareas.controller.TareaControllerIntegrationTest" time="0.706">
    <system-out><![CDATA[15:37:42.281 [main] INFO org.springframework.test.context.support.AnnotationConfigContextLoaderUtils -- Could not detect default configuration classes for test class [com.innovatech.ms_tareas.controller.TareaControllerIntegrationTest]: TareaControllerIntegrationTest does not declare any static, non-private, non-final, nested classes annotated with @Configuration.
15:37:43.159 [main] INFO org.springframework.boot.test.context.SpringBootTestContextBootstrapper -- Found @SpringBootConfiguration com.innovatech.ms_tareas.MsTareasApplication for test class com.innovatech.ms_tareas.controller.TareaControllerIntegrationTest

  .   ____          _            __ _ _
 /\\ / ___'_ __ _ _(_)_ __  __ _ \ \ \ \
( ( )\___ | '_ | '_| | '_ \/ _` | \ \ \ \
 \\/  ___)| |_)| | | | | || (_| |  ) ) ) )
  '  |____| .__|_| |_|_| |_\__, | / / / /
 =========|_|==============|___/=/_/_/_/

 :: Spring Boot ::               (v3.5.15)

2026-06-29T15:37:45.904-04:00  INFO 40552 --- [ms-tareas-test] [           main] c.i.m.c.TareaControllerIntegrationTest   : Starting TareaControllerIntegrationTest using Java 24.0.2 with PID 40552 (started by Gonzalo in C:\Users\Gonzalo\Documents\innovatech-proyect\ms-tareas)
2026-06-29T15:37:45.908-04:00  INFO 40552 --- [ms-tareas-test] [           main] c.i.m.c.TareaControllerIntegrationTest   : The following 1 profile is active: "test"
2026-06-29T15:37:49.897-04:00  INFO 40552 --- [ms-tareas-test] [           main] .s.d.r.c.RepositoryConfigurationDelegate : Bootstrapping Spring Data JPA repositories in DEFAULT mode.
2026-06-29T15:37:50.446-04:00  INFO 40552 --- [ms-tareas-test] [           main] .s.d.r.c.RepositoryConfigurationDelegate : Finished Spring Data repository scanning in 490 ms. Found 1 JPA repository interface.
2026-06-29T15:37:50.922-04:00  INFO 40552 --- [ms-tareas-test] [           main] o.s.cloud.context.scope.GenericScope     : BeanFactory id=96b57d76-4953-3bb8-b64a-081bacff98bb
2026-06-29T15:37:52.957-04:00  INFO 40552 --- [ms-tareas-test] [           main] o.hibernate.jpa.internal.util.LogHelper  : HHH000204: Processing PersistenceUnitInfo [name: default]
2026-06-29T15:37:53.150-04:00  INFO 40552 --- [ms-tareas-test] [           main] org.hibernate.Version                    : HHH000412: Hibernate ORM core version 6.6.53.Final
2026-06-29T15:37:53.242-04:00  INFO 40552 --- [ms-tareas-test] [           main] o.h.c.internal.RegionFactoryInitiator    : HHH000026: Second-level cache disabled
2026-06-29T15:37:53.538-04:00  INFO 40552 --- [ms-tareas-test] [           main] o.s.o.j.p.SpringPersistenceUnitInfo      : No LoadTimeWeaver setup: ignoring JPA class transformer
2026-06-29T15:37:53.609-04:00  INFO 40552 --- [ms-tareas-test] [           main] com.zaxxer.hikari.HikariDataSource       : HikariPool-1 - Starting...
2026-06-29T15:37:54.118-04:00  INFO 40552 --- [ms-tareas-test] [           main] com.zaxxer.hikari.pool.HikariPool        : HikariPool-1 - Added connection conn0: url=jdbc:h2:mem:ms_tareas_test_db user=SA
2026-06-29T15:37:54.122-04:00  INFO 40552 --- [ms-tareas-test] [           main] com.zaxxer.hikari.HikariDataSource       : HikariPool-1 - Start completed.
2026-06-29T15:37:54.191-04:00  WARN 40552 --- [ms-tareas-test] [           main] org.hibernate.orm.deprecation            : HHH90000025: H2Dialect does not need to be specified explicitly using 'hibernate.dialect' (remove the property setting and it will be selected by default)
2026-06-29T15:37:54.247-04:00  INFO 40552 --- [ms-tareas-test] [           main] org.hibernate.orm.connections.pooling    : HHH10001005: Database info:
	Database JDBC URL [Connecting through datasource 'HikariDataSource (HikariPool-1)']
	Database driver: undefined/unknown
	Database version: 2.3.232
	Autocommit mode: undefined/unknown
	Isolation level: undefined/unknown
	Minimum pool size: undefined/unknown
	Maximum pool size: undefined/unknown
2026-06-29T15:37:55.780-04:00  INFO 40552 --- [ms-tareas-test] [           main] o.h.e.t.j.p.i.JtaPlatformInitiator       : HHH000489: No JTA platform available (set 'hibernate.transaction.jta.platform' to enable JTA platform integration)
Hibernate: 
    drop table if exists tareas cascade 
Hibernate: 
    create table tareas (
        fecha_actualizacion timestamp(6),
        fecha_creacion timestamp(6) not null,
        id bigint generated by default as identity,
        proyecto_id bigint not null,
        responsable_id bigint not null,
        descripcion varchar(500) not null,
        estado enum ('DONE','IN_PROGRESS','PENDING') not null,
        primary key (id)
    )
2026-06-29T15:37:55.864-04:00  INFO 40552 --- [ms-tareas-test] [           main] j.LocalContainerEntityManagerFactoryBean : Initialized JPA EntityManagerFactory for persistence unit 'default'
2026-06-29T15:37:56.884-04:00  WARN 40552 --- [ms-tareas-test] [           main] JpaBaseConfiguration$JpaWebConfiguration : spring.jpa.open-in-view is enabled by default. Therefore, database queries may be performed during view rendering. Explicitly configure spring.jpa.open-in-view to disable this warning
2026-06-29T15:37:58.212-04:00  INFO 40552 --- [ms-tareas-test] [           main] o.s.b.t.m.w.SpringBootMockServletContext : Initializing Spring TestDispatcherServlet ''
2026-06-29T15:37:58.213-04:00  INFO 40552 --- [ms-tareas-test] [           main] o.s.t.web.servlet.TestDispatcherServlet  : Initializing Servlet ''
2026-06-29T15:37:58.227-04:00  INFO 40552 --- [ms-tareas-test] [           main] o.s.b.a.e.web.EndpointLinksResolver      : Exposing 2 endpoints beneath base path '/actuator'
2026-06-29T15:37:58.250-04:00  INFO 40552 --- [ms-tareas-test] [           main] o.s.t.web.servlet.TestDispatcherServlet  : Completed initialization in 36 ms
2026-06-29T15:37:58.321-04:00  INFO 40552 --- [ms-tareas-test] [           main] DiscoveryClientOptionalArgsConfiguration : Eureka HTTP Client uses RestTemplate.
2026-06-29T15:37:58.395-04:00  WARN 40552 --- [ms-tareas-test] [           main] iguration$LoadBalancerCaffeineWarnLogger : Spring Cloud LoadBalancer is currently working with the default cache. While this cache implementation is useful for development and tests, it's recommended to use Caffeine cache in production.You can switch to using Caffeine cache, by adding it and org.springframework.cache.caffeine.CaffeineCacheManager to the classpath.
2026-06-29T15:37:58.509-04:00  INFO 40552 --- [ms-tareas-test] [           main] c.i.m.c.TareaControllerIntegrationTest   : Started TareaControllerIntegrationTest in 14.165 seconds (process running for 19.36)
Hibernate: 
    select
        t1_0.id,
        t1_0.descripcion,
        t1_0.estado,
        t1_0.fecha_actualizacion,
        t1_0.fecha_creacion,
        t1_0.proyecto_id,
        t1_0.responsable_id 
    from
        tareas t1_0

MockHttpServletRequest:
      HTTP Method = POST
      Request URI = /api/tareas
       Parameters = {}
          Headers = [Content-Type:"application/json;charset=UTF-8", Content-Length:"97"]
             Body = {
    "descripcion": "",
    "proyectoId": 1,
    "responsableId": 10,
    "estado": "PENDING"
}

    Session Attrs = {}

Handler:
             Type = com.innovatech.ms_tareas.controller.TareaController
           Method = com.innovatech.ms_tareas.controller.TareaController#crearTarea(TareaRequestDTO)

Async:
    Async started = false
     Async result = null

Resolved Exception:
             Type = org.springframework.web.bind.MethodArgumentNotValidException

ModelAndView:
        View name = null
             View = null
            Model = null

FlashMap:
       Attributes = null

MockHttpServletResponse:
           Status = 400
    Error message = null
          Headers = [Vary:"Origin", "Access-Control-Request-Method", "Access-Control-Request-Headers", Content-Type:"application/json"]
     Content type = application/json
             Body = {"status":400,"error":"Bad Request","message":"Error de validación en los datos de entrada","path":"/api/tareas","timestamp":"2026-06-29T15:37:59.2986255","validationErrors":{"descripcion":"La descripción de la tarea es obligatoria"}}
    Forwarded URL = null
   Redirected URL = null
          Cookies = []
]]></system-out>
    <system-err><![CDATA[Mockito is currently self-attaching to enable the inline-mock-maker. This will no longer work in future releases of the JDK. Please add Mockito as an agent to your build as described in Mockito's documentation: https://javadoc.io/doc/org.mockito/mockito-core/latest/org.mockito/org/mockito/Mockito.html#0.3
WARNING: A Java agent has been loaded dynamically (C:\Users\Gonzalo\.m2\repository\net\bytebuddy\byte-buddy-agent\1.17.8\byte-buddy-agent-1.17.8.jar)
WARNING: If a serviceability tool is in use, please run with -XX:+EnableDynamicAgentLoading to hide this warning
WARNING: If a serviceability tool is not in use, please run with -Djdk.instrument.traceUsage for more information
WARNING: Dynamic loading of agents will be disallowed by default in a future release
]]></system-err>
  </testcase>
  <testcase name="listarTareasPorProyecto_debeResponder200YRetornarTareasPersistidas" classname="com.innovatech.ms_tareas.controller.TareaControllerIntegrationTest" time="0.26">
    <system-out><![CDATA[Hibernate: 
    select
        t1_0.id,
        t1_0.descripcion,
        t1_0.estado,
        t1_0.fecha_actualizacion,
        t1_0.fecha_creacion,
        t1_0.proyecto_id,
        t1_0.responsable_id 
    from
        tareas t1_0
Hibernate: 
    insert 
    into
        tareas
        (descripcion, estado, fecha_actualizacion, fecha_creacion, proyecto_id, responsable_id, id) 
    values
        (?, ?, ?, ?, ?, ?, default)
Hibernate: 
    insert 
    into
        tareas
        (descripcion, estado, fecha_actualizacion, fecha_creacion, proyecto_id, responsable_id, id) 
    values
        (?, ?, ?, ?, ?, ?, default)
Hibernate: 
    select
        t1_0.id,
        t1_0.descripcion,
        t1_0.estado,
        t1_0.fecha_actualizacion,
        t1_0.fecha_creacion,
        t1_0.proyecto_id,
        t1_0.responsable_id 
    from
        tareas t1_0 
    where
        t1_0.proyecto_id=?
]]></system-out>
  </testcase>
  <testcase name="obtenerTareaPorId_debeResponder404CuandoLaTareaNoExiste" classname="com.innovatech.ms_tareas.controller.TareaControllerIntegrationTest" time="0.056">
    <system-out><![CDATA[Hibernate: 
    select
        t1_0.id,
        t1_0.descripcion,
        t1_0.estado,
        t1_0.fecha_actualizacion,
        t1_0.fecha_creacion,
        t1_0.proyecto_id,
        t1_0.responsable_id 
    from
        tareas t1_0
Hibernate: 
    delete 
    from
        tareas 
    where
        id=?
Hibernate: 
    delete 
    from
        tareas 
    where
        id=?
Hibernate: 
    select
        t1_0.id,
        t1_0.descripcion,
        t1_0.estado,
        t1_0.fecha_actualizacion,
        t1_0.fecha_creacion,
        t1_0.proyecto_id,
        t1_0.responsable_id 
    from
        tareas t1_0 
    where
        t1_0.id=?

MockHttpServletRequest:
      HTTP Method = GET
      Request URI = /api/tareas/999999
       Parameters = {}
          Headers = []
             Body = null
    Session Attrs = {}

Handler:
             Type = com.innovatech.ms_tareas.controller.TareaController
           Method = com.innovatech.ms_tareas.controller.TareaController#obtenerTareaPorId(Long)

Async:
    Async started = false
     Async result = null

Resolved Exception:
             Type = com.innovatech.ms_tareas.exception.RecursoNoEncontradoException

ModelAndView:
        View name = null
             View = null
            Model = null

FlashMap:
       Attributes = null

MockHttpServletResponse:
           Status = 404
    Error message = null
          Headers = [Vary:"Origin", "Access-Control-Request-Method", "Access-Control-Request-Headers", Content-Type:"application/json"]
     Content type = application/json
             Body = {"status":404,"error":"Not Found","message":"Tarea no encontrada con id: 999999","path":"/api/tareas/999999","timestamp":"2026-06-29T15:37:59.6945968","validationErrors":null}
    Forwarded URL = null
   Redirected URL = null
          Cookies = []
]]></system-out>
  </testcase>
  <testcase name="crearTarea_debeResponder201YPersistirEnBaseDeDatos" classname="com.innovatech.ms_tareas.controller.TareaControllerIntegrationTest" time="0.494">
    <system-out><![CDATA[Hibernate: 
    select
        t1_0.id,
        t1_0.descripcion,
        t1_0.estado,
        t1_0.fecha_actualizacion,
        t1_0.fecha_creacion,
        t1_0.proyecto_id,
        t1_0.responsable_id 
    from
        tareas t1_0
Hibernate: 
    insert 
    into
        tareas
        (descripcion, estado, fecha_actualizacion, fecha_creacion, proyecto_id, responsable_id, id) 
    values
        (?, ?, ?, ?, ?, ?, default)

MockHttpServletRequest:
      HTTP Method = POST
      Request URI = /api/tareas
       Parameters = {}
          Headers = [Content-Type:"application/json;charset=UTF-8", Content-Length:"132"]
             Body = {
    "descripcion": "Implementar pruebas de integración",
    "proyectoId": 1,
    "responsableId": 10,
    "estado": "PENDING"
}

    Session Attrs = {}

Handler:
             Type = com.innovatech.ms_tareas.controller.TareaController
           Method = com.innovatech.ms_tareas.controller.TareaController#crearTarea(TareaRequestDTO)

Async:
    Async started = false
     Async result = null

Resolved Exception:
             Type = null

ModelAndView:
        View name = null
             View = null
            Model = null

FlashMap:
       Attributes = null

MockHttpServletResponse:
           Status = 201
    Error message = null
          Headers = [Vary:"Origin", "Access-Control-Request-Method", "Access-Control-Request-Headers", Content-Type:"application/json"]
     Content type = application/json
             Body = {"id":3,"descripcion":"Implementar pruebas de integración","proyectoId":1,"responsableId":10,"estado":"PENDING","fechaCreacion":"2026-06-29T15:37:59.7503509","fechaActualizacion":null}
    Forwarded URL = null
   Redirected URL = null
          Cookies = []
Hibernate: 
    select
        count(*) 
    from
        tareas t1_0
]]></system-out>
  </testcase>
</testsuite>