<?xml version="1.0" encoding="UTF-8"?>
<testsuite xmlns:xsi="http://www.w3.org/2001/XMLSchema-instance" xsi:noNamespaceSchemaLocation="https://maven.apache.org/surefire/maven-surefire-plugin/xsd/surefire-test-report.xsd" version="3.0.2" name="com.innovatech.ms_tareas.mapper.TareaMapperTest" time="0.014" tests="4" errors="0" skipped="0" failures="0" flakes="0">
  <properties>
[...]
</properties>
  <testcase name="actualizarEntidad_noDebeModificarEstadoCuandoEstadoVieneNulo" classname="com.innovatech.ms_tareas.mapper.TareaMapperTest" time="0.004"/>
  <testcase name="toEntity_debeAsignarEstadoPendingCuandoEstadoVieneNulo" classname="com.innovatech.ms_tareas.mapper.TareaMapperTest" time="0.003"/>
  <testcase name="toResponseDTO_debeMapearTodosLosCampos" classname="com.innovatech.ms_tareas.mapper.TareaMapperTest" time="0.001"/>
  <testcase name="actualizarEntidad_debeModificarEstadoCuandoEstadoVieneInformado" classname="com.innovatech.ms_tareas.mapper.TareaMapperTest" time="0.001"/>
</testsuite>